
Attachement du package : ‘dplyr’

Les objets suivants sont masqués depuis ‘package:stats’:

    filter, lag

Les objets suivants sont masqués depuis ‘package:base’:

    intersect, setdiff, setequal, union


Attachement du package : ‘gridExtra’

L'objet suivant est masqué depuis ‘package:dplyr’:

    combine


Attachement du package : ‘MASS’

L'objet suivant est masqué depuis ‘package:dplyr’:

    select

──────────────────────────────────────────────────────────────────────────────── 
  Évaluation du potentiel fongique, de l'intérêt patrimonial et du gradient CHEGD 
──────────────────────────────────────────────────────────────────────────────── 
Horodatage : 2026-06-22 10:54:08 
Version du script : 1.0 
Version de R : R version 4.5.2 (2025-10-31) 
Répertoire de travail : /Users/eddyboite/GitHub/myco_apps_releases/myco_apps_releases_utilisateurs/applications 
Configuration: Configuration intégrée (get_embedded_config) 
Fichier d'entrée : /Users/eddyboite/GitHub/myco_apps_releases/myco_apps_releases_utilisateurs/applications/data/données_récoltes_chegd_pelouses.csv 
[10:54:08] Fichier d'entrée résolu : /Users/eddyboite/GitHub/myco_apps_releases/myco_apps_releases_utilisateurs/applications/data/données_récoltes_chegd_pelouses.csv 
[10:54:08] Répertoire de sortie : /Users/eddyboite/GitHub/myco_apps_releases/myco_apps_releases_utilisateurs/applications/results/EPFIP_CHEGD 
[10:54:08] Format CSV détecté, le paramètre de feuille est ignoré 
──────────────────────────────────────────────────────────────────────────────── 
  Lecture et traitement des données d'entrée 
──────────────────────────────────────────────────────────────────────────────── 
──────────────────────────────────────────────────────────────────────────────── 
  Résumé des données d'entrée 
──────────────────────────────────────────────────────────────────────────────── 
[10:54:08] Nombre total d'observations : 3 
[10:54:08] Nombre d'espèces uniques : 3 
[10:54:08] Nombre de sites uniques : 0 
[10:54:08] Nombre de dates uniques : 0 
[WARN] 3 observation(s) sans niveau de fiabilité (100 %) 
──────────────────────────────────────────────────────────────────────────────── 
  Construction des métriques par site 
──────────────────────────────────────────────────────────────────────────────── 
[10:54:08] Répertoire de sortie : /Users/eddyboite/GitHub/myco_apps_releases/myco_apps_releases_utilisateurs/applications/results/EPFIP_CHEGD 
──────────────────────────────────────────────────────────────────────────────── 
  Calcul des résumés descriptifs 
──────────────────────────────────────────────────────────────────────────────── 
[10:54:08] Résumés descriptifs calculés 
[10:54:08] Métriques par site calculées 
──────────────────────────────────────────────────────────────────────────────── 
  Génération des résultats graphiques et des figures 
──────────────────────────────────────────────────────────────────────────────── 
[10:54:08] Figure 1 : tableau de bord des sites terminé 
[10:54:08] Figure 2 : positionnement écologique terminé 
[10:54:08] Figure 3 : décomposition du potentiel terminée 
[10:54:08] Figure 4 : CHEGD par visite terminé 
[10:54:08] Figure 5 : carte thermique des classes terminée 
[10:54:09] Figure 6 : distribution des niveaux de fiabilité terminée 
[10:54:09] Figure 7 : indice de représentativité (IR) terminé 
──────────────────────────────────────────────────────────────────────────────── 
  Objectifs de fiabilité (1-4) 
──────────────────────────────────────────────────────────────────────────────── 
[ERROR] Échec de l'exécution du pipeline : ℹ In argument: `site_id = site_id`.
Caused by error:
! objet 'site_id' introuvable 
──────────────────────────────────────────────────────────────────────────────── 
  Exécution terminée 
──────────────────────────────────────────────────────────────────────────────── 
Durée totale d'exécution : 0.92 secondes 
Heure de fin : 2026-06-22 10:54:09 
Fichier log : /Users/eddyboite/GitHub/myco_apps_releases/myco_apps_releases_utilisateurs/applications/logs/EPFIP_CHEGD_20260622_1054.log 
Erreur dans transmute(., site_id = site_id, score_ref = as.numeric(potentiel_score) +  : 
  ℹ In argument: `site_id = site_id`.
Caused by error:
! objet 'site_id' introuvable
Appels : tryCatch -> tryCatchList -> tryCatchOne -> <Anonymous>
Exécution arrêtée
