──────────────────────────────────────────────────────────────────────────────── 
  Évaluation du potentiel fongique, de l'intérêt patrimonial et du gradient CHEGD 
──────────────────────────────────────────────────────────────────────────────── 
Horodatage : 2026-06-15 21:12:31 
Version de R : R version 4.5.2 (2025-10-31) 
Répertoire de travail : /Users/eddyboite/GitHub 
Configuration: Configuration intégrée (get_embedded_config) 
Fichier d'entrée : /Users/eddyboite/GitHub/myco_apps_releases/data/données_récoltes_chegd_pelouses.csv 
[21:12:31] Fichier d'entrée résolu : /Users/eddyboite/GitHub/myco_apps_releases/data/données_récoltes_chegd_pelouses.csv 
[21:12:31] Répertoire de sortie : /Users/eddyboite/GitHub/myco_apps_releases/results/EPFIP_CHEGD 
[21:12:31] Format CSV détecté, le paramètre de feuille est ignoré 
──────────────────────────────────────────────────────────────────────────────── 
  LECTURE ET TRAITEMENT DES DONNÉES D'ENTRÉE 
──────────────────────────────────────────────────────────────────────────────── 
──────────────────────────────────────────────────────────────────────────────── 
  RÉSUMÉ DES DONNÉES 
──────────────────────────────────────────────────────────────────────────────── 
[21:12:31] Nombre total d'observations : 75 
[21:12:31] Nombre d'espèces uniques : 44 
[21:12:31] Nombre de sites uniques : 13 
[21:12:31] Nombre de dates uniques : 7 
[WARN] 9 observation(s) sans niveau de fiabilité (12 %) 
──────────────────────────────────────────────────────────────────────────────── 
  CONSTRUCTION DES MÉTRIQUES PAR SITE 
──────────────────────────────────────────────────────────────────────────────── 
[21:12:31] Répertoire de sortie : /Users/eddyboite/GitHub/myco_apps_releases/results/EPFIP_CHEGD 
[21:12:31] Résumés descriptifs calculés 
[21:12:31] Métriques par site calculées 
──────────────────────────────────────────────────────────────────────────────── 
  GÉNÉRATION DES FIGURES 
──────────────────────────────────────────────────────────────────────────────── 
[21:12:32] Figure 1 : tableau de bord des sites terminé 
[21:12:33] Figure 2 : positionnement écologique terminé 
[21:12:33] Figure 3 : décomposition du potentiel terminée 
[21:12:33] Figure 4 : CHEGD par visite terminé 
[21:12:33] Figure 5 : carte thermique des classes terminée 
[21:12:33] Figure 6 : distribution des niveaux de fiabilité terminée 
[21:12:33] Figure 7 : indice de représentativité (IR) terminé 
──────────────────────────────────────────────────────────────────────────────── 
  OBJECTIFS DE FIABILITÉ (1-4) 
──────────────────────────────────────────────────────────────────────────────── 
[21:12:35] Objectifs de fiabilité terminés - Meilleurs candidats : 
[21:12:35]   - Objectif1_Descriptif: Descriptif 
[21:12:35]   - Objectif2_Ponderation: S1 
[21:12:35]   - Objectif3_Modeles: baseline_majority 
[21:12:35]   - Objectif4_Inference: Fisher_simule 
──────────────────────────────────────────────────────────────────────────────── 
  EXPORT DES RÉSULTATS 
──────────────────────────────────────────────────────────────────────────────── 
[21:12:35] Tous les fichiers CSV ont été exportés 
──────────────────────────────────────────────────────────────────────────────── 
  RÉCAPITULATIF DES FICHIERS DE SORTIE 
──────────────────────────────────────────────────────────────────────────────── 
[21:12:35] Fichiers CSV : 
[21:12:35]   - donnees_brutes_nettoyees.csv 
[21:12:35]   - resume_global.csv 
[21:12:35]   - resume_par_site.csv 
[21:12:35]   - resume_par_famille.csv 
[21:12:35]   - resume_par_espece.csv 
[21:12:35]   - resume_par_date.csv 
[21:12:35]   - resume_fiabilite_determination.csv 
[21:12:35]   - niveaux_fiabilite_rencontres.csv 
[21:12:35]   - potentiel_fongique_par_site.csv 
[21:12:35]   - indice_patrimonial_par_site.csv 
[21:12:35]   - gradient_chegd_par_site.csv 
[21:12:35]   - indice_representativite_ir_par_site.csv 
[21:12:35]   - synthese_evaluation_par_site.csv 
[21:12:35] Figures : 
[21:12:35]   - fig1_tableau_de_bord_pelouses.png / .pdf 
[21:12:35]   - fig2_positionnement_ecologique.png / .pdf 
[21:12:35]   - fig3_composition_potentiel.png / .pdf 
[21:12:35]   - fig4_chegd_par_visite.png / .pdf 
[21:12:35]   - fig5_heatmap_classes.png / .pdf 
[21:12:35]   - fig6_niveaux_fiabilite.png / .pdf 
[21:12:35]   - fig7_indice_representativite_ir.png / .pdf 
[21:12:35] Objectifs de fiabilité : 
[21:12:35]   - stat_obj1_reliability_distribution.csv + fig 
[21:12:35]   - stat_obj2_weighting_candidates.csv + stat_obj2_best_weighting.csv + fig 
[21:12:35]   - stat_obj3_model_metrics.csv + stat_confusion_matrix.csv + stat_coefficients.csv + figs 
[21:12:35]   - stat_obj4_inference_tests.csv + fig 
[21:12:35]   - stat_model_selection_summary.csv 
──────────────────────────────────────────────────────────────────────────────── 
  EXÉCUTION TERMINÉE 
──────────────────────────────────────────────────────────────────────────────── 
Durée totale d'exécution : 4.04 secondes 
Heure de fin : 2026-06-15 21:12:35 
Fichier log : /Users/eddyboite/GitHub/myco_apps_releases/logs/EPFIP_CHEGD_20260615_2112.log 
