──────────────────────────────────────────────────────────────────────────────── 
  Évaluation du potentiel fongique, de l'intérêt patrimonial et du gradient CHEGD 
──────────────────────────────────────────────────────────────────────────────── 
Horodatage : 2026-06-22 13:15:44 
Version du script : 1.0 
Version de R : R version 4.5.2 (2025-10-31) 
Répertoire de travail : /Users/eddyboite/GitHub 
Configuration: Configuration intégrée (get_embedded_config) 
Fichier d'entrée : /Users/eddyboite/GitHub/myco_apps_releases/data/données_récoltes_chegd_pelouses.csv 
[13:15:44] Fichier d'entrée résolu : /Users/eddyboite/GitHub/myco_apps_releases/data/données_récoltes_chegd_pelouses.csv 
[13:15:44] Répertoire de sortie : /Users/eddyboite/GitHub/myco_apps_releases/results/EPFIP_CHEGD 
[13:15:44] Format CSV détecté, le paramètre de feuille est ignoré 
──────────────────────────────────────────────────────────────────────────────── 
  Lecture et traitement des données d'entrée 
──────────────────────────────────────────────────────────────────────────────── 
──────────────────────────────────────────────────────────────────────────────── 
  Résumé des données d'entrée 
──────────────────────────────────────────────────────────────────────────────── 
[13:15:45] Nombre total d'observations : 72 
[13:15:45] Nombre d'espèces uniques : 41 
[13:15:45] Nombre de sites uniques : 12 
[13:15:45] Nombre de dates uniques : 7 
[WARN] 6 observation(s) sans niveau de fiabilité (8.33 %) 
──────────────────────────────────────────────────────────────────────────────── 
  Construction des métriques par site 
──────────────────────────────────────────────────────────────────────────────── 
[13:15:45] Répertoire de sortie : /Users/eddyboite/GitHub/myco_apps_releases/results/EPFIP_CHEGD 
──────────────────────────────────────────────────────────────────────────────── 
  Calcul des résumés descriptifs 
──────────────────────────────────────────────────────────────────────────────── 
[13:15:45] Résumés descriptifs calculés 
[13:15:45] Métriques par site calculées 
──────────────────────────────────────────────────────────────────────────────── 
  Génération des résultats graphiques et des figures 
──────────────────────────────────────────────────────────────────────────────── 
[13:15:45] Figure 1 : tableau de bord des sites terminé 
[13:15:46] Figure 2 : positionnement écologique terminé 
[13:15:46] Figure 3 : décomposition du potentiel terminée 
[13:15:46] Figure 4 : CHEGD par visite terminé 
[13:15:47] Figure 5 : carte thermique des classes terminée 
[13:15:47] Figure 6 : distribution des niveaux de fiabilité terminée 
[13:15:47] Figure 7 : indice de représentativité (IR) terminé 
──────────────────────────────────────────────────────────────────────────────── 
  Objectifs de fiabilité (1-4) 
──────────────────────────────────────────────────────────────────────────────── 
[13:15:48] Objectifs de fiabilité terminés - Meilleurs candidats : 
[13:15:48]   - Objectif1_Descriptif: Descriptif 
[13:15:48]   - Objectif2_Ponderation: S2 
[13:15:48]   - Objectif3_Modeles: baseline_majority 
[13:15:48]   - Objectif4_Inference: Fisher_simule 
──────────────────────────────────────────────────────────────────────────────── 
  Export des résultats finaux et des fichiers CSV 
──────────────────────────────────────────────────────────────────────────────── 
[13:15:48] Tous les fichiers CSV ont été exportés 
──────────────────────────────────────────────────────────────────────────────── 
  Récapitulatif des fichiers générés et des résultats 
──────────────────────────────────────────────────────────────────────────────── 
[13:15:48] Fichiers CSV : 
[13:15:48]   - donnees_brutes_nettoyees.csv 
[13:15:48]   - resume_global.csv 
[13:15:48]   - resume_par_site.csv 
[13:15:48]   - resume_par_famille.csv 
[13:15:48]   - resume_par_espece.csv 
[13:15:48]   - resume_par_date.csv 
[13:15:48]   - resume_fiabilite_determination.csv 
[13:15:48]   - niveaux_fiabilite_rencontres.csv 
[13:15:48]   - potentiel_fongique_par_site.csv 
[13:15:48]   - indice_patrimonial_par_site.csv 
[13:15:48]   - gradient_chegd_par_site.csv 
[13:15:48]   - indice_representativite_ir_par_site.csv 
[13:15:48]   - synthese_evaluation_par_site.csv 
[13:15:48] Figures : 
[13:15:48]   - fig1_tableau_de_bord_pelouses.png / .pdf 
[13:15:49]   - fig2_positionnement_ecologique.png / .pdf 
[13:15:49]   - fig3_composition_potentiel.png / .pdf 
[13:15:49]   - fig4_chegd_par_visite.png / .pdf 
[13:15:49]   - fig5_heatmap_classes.png / .pdf 
[13:15:49]   - fig6_niveaux_fiabilite.png / .pdf 
[13:15:49]   - fig7_indice_representativite_ir.png / .pdf 
[13:15:49] Objectifs de fiabilité : 
[13:15:49]   - stat_obj1_reliability_distribution.csv + fig 
[13:15:49]   - stat_obj2_weighting_candidates.csv + stat_obj2_best_weighting.csv + fig 
[13:15:49]   - stat_obj3_model_metrics.csv + stat_confusion_matrix.csv + stat_coefficients.csv + figs 
[13:15:49]   - stat_obj4_inference_tests.csv + fig 
[13:15:49]   - stat_model_selection_summary.csv 
──────────────────────────────────────────────────────────────────────────────── 
  Exécution terminée 
──────────────────────────────────────────────────────────────────────────────── 
Durée totale d'exécution : 4.04 secondes 
Heure de fin : 2026-06-22 13:15:49 
Fichier log : /Users/eddyboite/GitHub/myco_apps_releases/logs/EPFIP_CHEGD_20260622_1315.log 
