──────────────────────────────────────────────────────────────────────────────── 
  Évaluation du potentiel fongique, de l'intérêt patrimonial et du gradient CHEGD 
──────────────────────────────────────────────────────────────────────────────── 
Horodatage : 2026-06-17 20:48:00 
Version du script : 1.0 
Version de R : R version 4.5.2 (2025-10-31) 
Répertoire de travail : /Users/eddyboite/GitHub 
Configuration: Configuration intégrée (get_embedded_config) 
Fichier d'entrée : /Users/eddyboite/GitHub/myco_apps_releases/data/données_récoltes_chegd_pelouses.csv 
[20:48:00] Fichier d'entrée résolu : /Users/eddyboite/GitHub/myco_apps_releases/data/données_récoltes_chegd_pelouses.csv 
[20:48:00] Répertoire de sortie : /Users/eddyboite/GitHub/myco_apps_releases/results/EPFIP_CHEGD 
[20:48:00] Format CSV détecté, le paramètre de feuille est ignoré 
──────────────────────────────────────────────────────────────────────────────── 
  Lecture et traitement des données d'entrée 
──────────────────────────────────────────────────────────────────────────────── 
──────────────────────────────────────────────────────────────────────────────── 
  Résumé des données d'entrée 
──────────────────────────────────────────────────────────────────────────────── 
[20:48:00] Nombre total d'observations : 75 
[20:48:00] Nombre d'espèces uniques : 44 
[20:48:00] Nombre de sites uniques : 13 
[20:48:00] Nombre de dates uniques : 7 
[WARN] 9 observation(s) sans niveau de fiabilité (12 %) 
──────────────────────────────────────────────────────────────────────────────── 
  Construction des métriques par site 
──────────────────────────────────────────────────────────────────────────────── 
[20:48:00] Répertoire de sortie : /Users/eddyboite/GitHub/myco_apps_releases/results/EPFIP_CHEGD 
──────────────────────────────────────────────────────────────────────────────── 
  Calcul des résumés descriptifs 
──────────────────────────────────────────────────────────────────────────────── 
[20:48:00] Résumés descriptifs calculés 
[20:48:00] Métriques par site calculées 
──────────────────────────────────────────────────────────────────────────────── 
  Génération des résultats graphiques et des figures 
──────────────────────────────────────────────────────────────────────────────── 
[20:48:01] Figure 1 : tableau de bord des sites terminé 
[20:48:01] Figure 2 : positionnement écologique terminé 
[20:48:01] Figure 3 : décomposition du potentiel terminée 
[20:48:01] Figure 4 : CHEGD par visite terminé 
[20:48:02] Figure 5 : carte thermique des classes terminée 
[20:48:02] Figure 6 : distribution des niveaux de fiabilité terminée 
[20:48:02] Figure 7 : indice de représentativité (IR) terminé 
──────────────────────────────────────────────────────────────────────────────── 
  Objectifs de fiabilité (1-4) 
──────────────────────────────────────────────────────────────────────────────── 
[20:48:04] Objectifs de fiabilité terminés - Meilleurs candidats : 
[20:48:04]   - Objectif1_Descriptif: Descriptif 
[20:48:04]   - Objectif2_Ponderation: S2 
[20:48:04]   - Objectif3_Modeles: baseline_majority 
[20:48:04]   - Objectif4_Inference: Fisher_simule 
──────────────────────────────────────────────────────────────────────────────── 
  Export des résultats finaux et des fichiers CSV 
──────────────────────────────────────────────────────────────────────────────── 
[20:48:04] Tous les fichiers CSV ont été exportés 
──────────────────────────────────────────────────────────────────────────────── 
  Récapitulatif des fichiers générés et des résultats 
──────────────────────────────────────────────────────────────────────────────── 
[20:48:04] Fichiers CSV : 
[20:48:04]   - donnees_brutes_nettoyees.csv 
[20:48:04]   - resume_global.csv 
[20:48:04]   - resume_par_site.csv 
[20:48:04]   - resume_par_famille.csv 
[20:48:04]   - resume_par_espece.csv 
[20:48:04]   - resume_par_date.csv 
[20:48:04]   - resume_fiabilite_determination.csv 
[20:48:04]   - niveaux_fiabilite_rencontres.csv 
[20:48:04]   - potentiel_fongique_par_site.csv 
[20:48:04]   - indice_patrimonial_par_site.csv 
[20:48:04]   - gradient_chegd_par_site.csv 
[20:48:04]   - indice_representativite_ir_par_site.csv 
[20:48:04]   - synthese_evaluation_par_site.csv 
[20:48:04] Figures : 
[20:48:04]   - fig1_tableau_de_bord_pelouses.png / .pdf 
[20:48:04]   - fig2_positionnement_ecologique.png / .pdf 
[20:48:04]   - fig3_composition_potentiel.png / .pdf 
[20:48:04]   - fig4_chegd_par_visite.png / .pdf 
[20:48:04]   - fig5_heatmap_classes.png / .pdf 
[20:48:04]   - fig6_niveaux_fiabilite.png / .pdf 
[20:48:04]   - fig7_indice_representativite_ir.png / .pdf 
[20:48:04] Objectifs de fiabilité : 
[20:48:04]   - stat_obj1_reliability_distribution.csv + fig 
[20:48:04]   - stat_obj2_weighting_candidates.csv + stat_obj2_best_weighting.csv + fig 
[20:48:04]   - stat_obj3_model_metrics.csv + stat_confusion_matrix.csv + stat_coefficients.csv + figs 
[20:48:04]   - stat_obj4_inference_tests.csv + fig 
[20:48:04]   - stat_model_selection_summary.csv 
──────────────────────────────────────────────────────────────────────────────── 
  Exécution terminée 
──────────────────────────────────────────────────────────────────────────────── 
Durée totale d'exécution : 4.05 secondes 
Heure de fin : 2026-06-17 20:48:04 
Fichier log : /Users/eddyboite/GitHub/myco_apps_releases/logs/EPFIP_CHEGD_20260617_2048.log 
