──────────────────────────────────────────────────────────────────────────────── 
  Évaluation du potentiel fongique, de l'intérêt patrimonial et du gradient CHEGD 
──────────────────────────────────────────────────────────────────────────────── 
Horodatage : 2026-07-08 20:05:29 
Version du script : 1.0 
Version de R : R version 4.5.2 (2025-10-31) 
Répertoire de travail : /Users/eddyboite/GitHub 
Configuration: Configuration intégrée (get_embedded_config) 
Fichier d'entrée : /Users/eddyboite/GitHub/myco_apps_releases/data/données_récoltes_chegd_pelouses.csv 
[20:05:29] Périmètre protocole : CHEGD pelouses 
[20:05:29] Mode d'exécution : strict 
[20:05:29] Fichier d'entrée résolu : /Users/eddyboite/GitHub/myco_apps_releases/data/données_récoltes_chegd_pelouses.csv 
[20:05:29] Répertoire de sortie : /Users/eddyboite/GitHub/myco_apps_releases/results/EPFIP_CHEGD 
[20:05:29] Format CSV détecté, le paramètre de feuille est ignoré 
──────────────────────────────────────────────────────────────────────────────── 
  Lecture et traitement des données d'entrée 
──────────────────────────────────────────────────────────────────────────────── 
[20:05:29] Lecture du fichier : /Users/eddyboite/GitHub/myco_apps_releases/data/données_récoltes_chegd_pelouses.csv 
[20:05:29] Séparateur détecté : délimiteur ';' 
[20:05:29] Nombre de colonnes détectées : 13 
[20:05:29] Noms des colonnes : Espèces | Famille | Date | Nombre d'espèce | Prélèvement | Fungarium | N° Exsiccata | Récolteur(s) | Déterminateur(s) | Légataire récolte | Site | Fiabilité détermination | Commentaire 
[20:05:29] Vérification des colonnes requises... 
[20:05:29] ✓ Toutes les colonnes requises sont présentes 
──────────────────────────────────────────────────────────────────────────────── 
  Validation qualité des données d'entrée 
──────────────────────────────────────────────────────────────────────────────── 
[20:05:29] rows_quasi_empty : 0 / 85 (0 %) — Lignes vides sur toutes les colonnes métier. 
[20:05:29] dates_invalid : 0 / 85 (0 %) — Dates renseignées mais non converties en Date. 
[20:05:29] counts_invalid : 0 / 85 (0 %) — Effectifs renseignés mais non convertis en numérique. 
[20:05:29] counts_negative : 0 / 85 (0 %) — Effectifs numériques strictement négatifs. 
[20:05:29] species_missing : 0 / 85 (0 %) — Nom d'espèce absent. 
[20:05:29] sites_missing : 0 / 85 (0 %) — Site absent. 
[20:05:29] site_ids_unresolved : 0 / 85 (0 %) — Site renseigné mais sans identifiant exploitable. 
[20:05:29] exact_duplicates : 0 / 85 (0 %) — Doublons exacts sur les colonnes métier. 
[20:05:29] usable_rows_present : 85 / 85 (100 %) — Au moins une ligne exploitable doit être présente. 
[20:05:29] dates_not_all_invalid : 0 / 85 (0 %) — Toutes les dates renseignées sont invalides. 
[20:05:29] counts_not_all_invalid : 0 / 85 (0 %) — Tous les effectifs renseignés sont invalides. 
[20:05:29] sites_not_all_missing : 0 / 85 (0 %) — Toutes les lignes ont un site manquant. 
[20:05:29] species_not_all_missing : 0 / 85 (0 %) — Toutes les lignes ont une espèce manquante. 
[20:05:29] Top anomalies entrée : aucune anomalie warning détectée 
[WARN] Alertes qualité entrée : 2 indicateur(s) au-dessus des seuils 
[WARN]   - counts_negative : 0 (0 %) >= seuil 0 % 
[WARN]   - site_ids_unresolved : 0 (0 %) >= seuil 0 % 
[20:05:29] Indicateurs qualité entrée calculés : 9 
[20:05:29] Validation qualité des données d'entrée : OK 
──────────────────────────────────────────────────────────────────────────────── 
  Résumé des données d'entrée 
──────────────────────────────────────────────────────────────────────────────── 
[20:05:29] Nombre total d'observations : 85 
[20:05:29] Nombre d'espèces uniques : 39 
[20:05:29] Nombre de sites uniques : 12 
[20:05:29] Nombre de dates uniques : 5 
──────────────────────────────────────────────────────────────────────────────── 
  Construction des métriques par site 
──────────────────────────────────────────────────────────────────────────────── 
[20:05:29] Répertoire de sortie : /Users/eddyboite/GitHub/myco_apps_releases/results/EPFIP_CHEGD 
──────────────────────────────────────────────────────────────────────────────── 
  Calcul des résumés descriptifs 
──────────────────────────────────────────────────────────────────────────────── 
[20:05:30] Résumés descriptifs calculés 
[20:05:30] Métriques par site calculées 
[20:05:30] Contrôle fiabilité autonome: OK (20 sites, 0 écart) 
──────────────────────────────────────────────────────────────────────────────── 
  Génération des résultats graphiques et des figures 
──────────────────────────────────────────────────────────────────────────────── 
[20:05:31] Figure 1 : tableau de bord des sites terminé 
[20:05:32] Figure 2 : positionnement écologique terminé 
[20:05:32] Figure 3 : décomposition du potentiel terminée 
[20:05:33] Figure 4 : CHEGD par visite terminé 
[20:05:33] Figure 5 : carte thermique des classes terminée 
[20:05:33] Figure 6 : distribution des niveaux de fiabilité terminée 
[20:05:34] Figure 7 : indice de représentativité (IR) terminé 
──────────────────────────────────────────────────────────────────────────────── 
  Objectifs de fiabilité (1-4) 
──────────────────────────────────────────────────────────────────────────────── 
[20:05:36] Objectifs de fiabilité terminés - Meilleurs candidats : 
[20:05:36]   - Objectif1_Descriptif: Descriptif 
[20:05:36]   - Objectif2_Ponderation: S2 
[20:05:36]   - Objectif3_Modeles: baseline_majority 
[20:05:36]   - Objectif4_Inference: Fisher 
──────────────────────────────────────────────────────────────────────────────── 
  Export des résultats finaux et des fichiers CSV 
──────────────────────────────────────────────────────────────────────────────── 
[20:05:36] Tous les fichiers CSV ont été exportés 
──────────────────────────────────────────────────────────────────────────────── 
  Récapitulatif des fichiers générés et des résultats 
──────────────────────────────────────────────────────────────────────────────── 
[20:05:36] Fichiers CSV : 
[20:05:36]   - donnees_brutes_nettoyees.csv 
[20:05:36]   - resume_global.csv 
[20:05:36]   - resume_par_site.csv 
[20:05:36]   - resume_par_famille.csv 
[20:05:36]   - resume_par_espece.csv 
[20:05:36]   - resume_par_date.csv 
[20:05:36]   - resume_fiabilite_determination.csv 
[20:05:36]   - niveaux_fiabilite_rencontres.csv 
[20:05:36]   - potentiel_fongique_par_site.csv 
[20:05:36]   - indice_patrimonial_par_site.csv 
[20:05:36]   - gradient_chegd_par_site.csv 
[20:05:36]   - indice_representativite_ir_par_site.csv 
[20:05:36]   - synthese_evaluation_par_site.csv 
[20:05:36]   - qa_controles_autonomes_detail.csv 
[20:05:36]   - qa_controles_autonomes_resume.csv 
[20:05:36]   - qa_validation_entree_resume.csv 
[20:05:36]   - qa_validation_entree_lignes.csv 
[20:05:36]   - qa_validation_entree_indicateurs.csv 
[20:05:36]   - qa_validation_entree_alertes.csv 
[20:05:36] Figures : 
[20:05:36]   - fig1_tableau_de_bord_pelouses.png / .pdf 
[20:05:36]   - fig2_positionnement_ecologique.png / .pdf 
[20:05:36]   - fig3_composition_potentiel.png / .pdf 
[20:05:36]   - fig4_chegd_par_visite.png / .pdf 
[20:05:36]   - fig5_heatmap_classes.png / .pdf 
[20:05:36]   - fig6_niveaux_fiabilite.png / .pdf 
[20:05:36]   - fig7_indice_representativite_ir.png / .pdf 
[20:05:36] Objectifs de fiabilité : 
[20:05:36]   - stat_obj1_reliability_distribution.csv + fig 
[20:05:36]   - stat_obj2_weighting_candidates.csv + stat_obj2_best_weighting.csv + fig 
[20:05:36]   - stat_obj3_model_metrics.csv + stat_confusion_matrix.csv + stat_coefficients.csv + figs 
[20:05:36]   - stat_obj4_inference_tests.csv + fig 
[20:05:36]   - stat_model_selection_summary.csv 
[20:05:36] Aucun échec sur les étapes non bloquantes 
──────────────────────────────────────────────────────────────────────────────── 
  Exécution terminée 
──────────────────────────────────────────────────────────────────────────────── 
Durée totale d'exécution : 6.65 secondes 
Heure de fin : 2026-07-08 20:05:36 
Fichier log : /Users/eddyboite/GitHub/myco_apps_releases/logs/EPFIP_CHEGD_20260708_2005.log 
