──────────────────────────────────────────────────────────────────────────────── 
  Évaluation du potentiel fongique, de l'intérêt patrimonial et du gradient CHEGD 
──────────────────────────────────────────────────────────────────────────────── 
Horodatage : 2026-07-07 13:14:02 
Version du script : 1.0 
Version de R : R version 4.5.2 (2025-10-31) 
Répertoire de travail : /Users/eddyboite/GitHub/myco_apps_releases 
Configuration: Configuration intégrée (get_embedded_config) 
Fichier d'entrée : /Users/eddyboite/GitHub/myco_apps_releases/data/données_récoltes_chegd_pelouses.csv 
[13:14:02] Fichier d'entrée résolu : /Users/eddyboite/GitHub/myco_apps_releases/data/données_récoltes_chegd_pelouses.csv 
[13:14:02] Répertoire de sortie : /Users/eddyboite/GitHub/myco_apps_releases/results/EPFIP_CHEGD 
[13:14:02] Format CSV détecté, le paramètre de feuille est ignoré 
──────────────────────────────────────────────────────────────────────────────── 
  Lecture et traitement des données d'entrée 
──────────────────────────────────────────────────────────────────────────────── 
[13:14:02] Lecture du fichier : /Users/eddyboite/GitHub/myco_apps_releases/data/données_récoltes_chegd_pelouses.csv 
[13:14:02] Séparateur détecté : délimiteur ';' 
[13:14:02] Nombre de colonnes détectées : 13 
[13:14:02] Noms des colonnes : Espèces | Famille | Date | Nombre d'espèce | Prélèvement | Fungarium | N° Exsiccata | Récolteur(s) | Déterminateur(s) | Légataire récolte | Site | Fiabilité détermination | Commentaire 
[13:14:02] Vérification des colonnes requises... 
[13:14:02] ✓ Toutes les colonnes requises sont présentes 
──────────────────────────────────────────────────────────────────────────────── 
  Résumé des données d'entrée 
──────────────────────────────────────────────────────────────────────────────── 
[13:14:02] Nombre total d'observations : 88 
[13:14:02] Nombre d'espèces uniques : 42 
[13:14:02] Nombre de sites uniques : 13 
[13:14:02] Nombre de dates uniques : 5 
[WARN] 3 observation(s) sans niveau de fiabilité (3.41 %) 
──────────────────────────────────────────────────────────────────────────────── 
  Construction des métriques par site 
──────────────────────────────────────────────────────────────────────────────── 
[13:14:03] Répertoire de sortie : /Users/eddyboite/GitHub/myco_apps_releases/results/EPFIP_CHEGD 
──────────────────────────────────────────────────────────────────────────────── 
  Calcul des résumés descriptifs 
──────────────────────────────────────────────────────────────────────────────── 
[13:14:03] Résumés descriptifs calculés 
[13:14:03] Métriques par site calculées 
[13:14:03] Contrôle fiabilité autonome: OK (20 sites, 0 écart) 
──────────────────────────────────────────────────────────────────────────────── 
  Génération des résultats graphiques et des figures 
──────────────────────────────────────────────────────────────────────────────── 
[13:14:05] Figure 1 : tableau de bord des sites terminé 
[13:14:05] Figure 2 : positionnement écologique terminé 
[13:14:06] Figure 3 : décomposition du potentiel terminée 
[13:14:07] Figure 4 : CHEGD par visite terminé 
[13:14:08] Figure 5 : carte thermique des classes terminée 
[13:14:09] Figure 6 : distribution des niveaux de fiabilité terminée 
[13:14:09] Figure 7 : indice de représentativité (IR) terminé 
──────────────────────────────────────────────────────────────────────────────── 
  Objectifs de fiabilité (1-4) 
──────────────────────────────────────────────────────────────────────────────── 
[13:14:13] Objectifs de fiabilité terminés - Meilleurs candidats : 
[13:14:13]   - Objectif1_Descriptif: Descriptif 
[13:14:13]   - Objectif2_Ponderation: S2 
[13:14:13]   - Objectif3_Modeles: baseline_majority 
[13:14:13]   - Objectif4_Inference: Fisher_simule 
──────────────────────────────────────────────────────────────────────────────── 
  Export des résultats finaux et des fichiers CSV 
──────────────────────────────────────────────────────────────────────────────── 
[13:14:13] Tous les fichiers CSV ont été exportés 
──────────────────────────────────────────────────────────────────────────────── 
  Récapitulatif des fichiers générés et des résultats 
──────────────────────────────────────────────────────────────────────────────── 
[13:14:13] Fichiers CSV : 
[13:14:13]   - donnees_brutes_nettoyees.csv 
[13:14:13]   - resume_global.csv 
[13:14:13]   - resume_par_site.csv 
[13:14:13]   - resume_par_famille.csv 
[13:14:13]   - resume_par_espece.csv 
[13:14:13]   - resume_par_date.csv 
[13:14:13]   - resume_fiabilite_determination.csv 
[13:14:13]   - niveaux_fiabilite_rencontres.csv 
[13:14:13]   - potentiel_fongique_par_site.csv 
[13:14:13]   - indice_patrimonial_par_site.csv 
[13:14:13]   - gradient_chegd_par_site.csv 
[13:14:13]   - indice_representativite_ir_par_site.csv 
[13:14:13]   - synthese_evaluation_par_site.csv 
[13:14:13]   - qa_controles_autonomes_detail.csv 
[13:14:13]   - qa_controles_autonomes_resume.csv 
[13:14:13] Figures : 
[13:14:13]   - fig1_tableau_de_bord_pelouses.png / .pdf 
[13:14:13]   - fig2_positionnement_ecologique.png / .pdf 
[13:14:13]   - fig3_composition_potentiel.png / .pdf 
[13:14:13]   - fig4_chegd_par_visite.png / .pdf 
[13:14:13]   - fig5_heatmap_classes.png / .pdf 
[13:14:13]   - fig6_niveaux_fiabilite.png / .pdf 
[13:14:13]   - fig7_indice_representativite_ir.png / .pdf 
[13:14:13] Objectifs de fiabilité : 
[13:14:13]   - stat_obj1_reliability_distribution.csv + fig 
[13:14:13]   - stat_obj2_weighting_candidates.csv + stat_obj2_best_weighting.csv + fig 
[13:14:13]   - stat_obj3_model_metrics.csv + stat_confusion_matrix.csv + stat_coefficients.csv + figs 
[13:14:13]   - stat_obj4_inference_tests.csv + fig 
[13:14:13]   - stat_model_selection_summary.csv 
──────────────────────────────────────────────────────────────────────────────── 
  Exécution terminée 
──────────────────────────────────────────────────────────────────────────────── 
Durée totale d'exécution : 10.51 secondes 
Heure de fin : 2026-07-07 13:14:13 
Fichier log : /Users/eddyboite/GitHub/myco_apps_releases/logs/EPFIP_CHEGD_20260707_1314.log 
